# JRE version: OpenJDK Runtime Environment OpenLogic-OpenJDK (17.0.10+7) (build 17.0.10+7-adhoc..jdk17u)
# Java VM: OpenJDK 64-Bit Server VM OpenLogic-OpenJDK (17.0.10+7-adhoc..jdk17u, mixed mode, sharing, tiered, compressed oops, compressed class ptrs, g1 gc, windows-amd64)
GC Precious Log:
 CPUs: 4 total, 4 available
 Memory: 8073M
 Large Page Support: Disabled
 NUMA Support: Disabled
 Compressed Oops: Enabled (32-bit)
 Heap Region Size: 1M
 Heap Min Capacity: 8M
 Heap Initial Capacity: 128M
 Heap Max Capacity: 2G
 Pre-touch: Disabled
 Parallel Workers: 4
 Concurrent Workers: 1
 Concurrent Refinement Workers: 4
 Periodic GC: Disabled
Heap:
 garbage-first heap   total 86016K, used 55944K [0x0000000080000000, 0x0000000100000000)
  region size 1024K, 13 young (13312K), 4 survivors (4096K)
 Metaspace       used 47064K, committed 47744K, reserved 491520K
  class space    used 6627K, committed 6912K, reserved 425984K
GC Heap History (20 events):
Event: 2.721 GC heap before
{Heap before GC invocations=3 (full 0):
 garbage-first heap   total 131072K, used 88499K [0x0000000080000000, 0x0000000100000000)
  region size 1024K, 76 young (77824K), 2 survivors (2048K)
 Metaspace       used 16148K, committed 16512K, reserved 491520K
  class space    used 2332K, committed 2496K, reserved 425984K
}
Event: 2.728 GC heap after
{Heap after GC invocations=4 (full 0):
 garbage-first heap   total 131072K, used 20615K [0x0000000080000000, 0x0000000100000000)
  region size 1024K, 10 young (10240K), 10 survivors (10240K)
 Metaspace       used 16148K, committed 16512K, reserved 491520K
  class space    used 2332K, committed 2496K, reserved 425984K
}
Event: 3.452 GC heap before
{Heap before GC invocations=4 (full 0):
 garbage-first heap   total 131072K, used 59527K [0x0000000080000000, 0x0000000100000000)
  region size 1024K, 49 young (50176K), 10 survivors (10240K)
 Metaspace       used 21203K, committed 21504K, reserved 491520K
  class space    used 3130K, committed 3328K, reserved 425984K
}
Event: 3.460 GC heap after
{Heap after GC invocations=5 (full 0):
 garbage-first heap   total 131072K, used 23405K [0x0000000080000000, 0x0000000100000000)
  region size 1024K, 3 young (3072K), 3 survivors (3072K)
 Metaspace       used 21203K, committed 21504K, reserved 491520K
  class space    used 3130K, committed 3328K, reserved 425984K
}
Event: 4.250 GC heap before
{Heap before GC invocations=6 (full 0):
 garbage-first heap   total 86016K, used 70509K [0x0000000080000000, 0x0000000100000000)
  region size 1024K, 50 young (51200K), 3 survivors (3072K)
 Metaspace       used 29517K, committed 29888K, reserved 491520K
  class space    used 4150K, committed 4352K, reserved 425984K
}
Event: 4.257 GC heap after
{Heap after GC invocations=7 (full 0):
 garbage-first heap   total 86016K, used 27237K [0x0000000080000000, 0x0000000100000000)
  region size 1024K, 7 young (7168K), 7 survivors (7168K)
 Metaspace       used 29517K, committed 29888K, reserved 491520K
  class space    used 4150K, committed 4352K, reserved 425984K
}
Event: 4.781 GC heap before
{Heap before GC invocations=7 (full 0):
 garbage-first heap   total 86016K, used 68197K [0x0000000080000000, 0x0000000100000000)
  region size 1024K, 43 young (44032K), 7 survivors (7168K)
 Metaspace       used 32564K, committed 32960K, reserved 491520K
  class space    used 4503K, committed 4736K, reserved 425984K
}
Event: 4.789 GC heap after
{Heap after GC invocations=8 (full 0):
 garbage-first heap   total 86016K, used 30116K [0x0000000080000000, 0x0000000100000000)
  region size 1024K, 4 young (4096K), 4 survivors (4096K)
 Metaspace       used 32564K, committed 32960K, reserved 491520K
  class space    used 4503K, committed 4736K, reserved 425984K
}
Event: 13.932 GC heap before
{Heap before GC invocations=8 (full 0):
 garbage-first heap   total 86016K, used 64932K [0x0000000080000000, 0x0000000100000000)
  region size 1024K, 38 young (38912K), 4 survivors (4096K)
 Metaspace       used 34448K, committed 34880K, reserved 491520K
  class space    used 4778K, committed 4992K, reserved 425984K
}
Event: 13.937 GC heap after
{Heap after GC invocations=9 (full 0):
 garbage-first heap   total 86016K, used 32847K [0x0000000080000000, 0x0000000100000000)
  region size 1024K, 3 young (3072K), 3 survivors (3072K)
 Metaspace       used 34448K, committed 34880K, reserved 491520K
  class space    used 4778K, committed 4992K, reserved 425984K
}
Event: 14.086 GC heap before
{Heap before GC invocations=9 (full 0):
 garbage-first heap   total 86016K, used 50255K [0x0000000080000000, 0x0000000100000000)
  region size 1024K, 20 young (20480K), 3 survivors (3072K)
 Metaspace       used 35674K, committed 36096K, reserved 491520K
  class space    used 4852K, committed 5056K, reserved 425984K
}
Event: 14.090 GC heap after
{Heap after GC invocations=10 (full 0):
 garbage-first heap   total 86016K, used 34092K [0x0000000080000000, 0x0000000100000000)
  region size 1024K, 3 young (3072K), 3 survivors (3072K)
 Metaspace       used 35674K, committed 36096K, reserved 491520K
  class space    used 4852K, committed 5056K, reserved 425984K
}
Event: 14.634 GC heap before
{Heap before GC invocations=11 (full 0):
 garbage-first heap   total 86016K, used 66860K [0x0000000080000000, 0x0000000100000000)
  region size 1024K, 35 young (35840K), 3 survivors (3072K)
 Metaspace       used 39032K, committed 39552K, reserved 491520K
  class space    used 5413K, committed 5632K, reserved 425984K
}
Event: 14.638 GC heap after
{Heap after GC invocations=12 (full 0):
 garbage-first heap   total 86016K, used 35076K [0x0000000080000000, 0x0000000100000000)
  region size 1024K, 3 young (3072K), 3 survivors (3072K)
 Metaspace       used 39032K, committed 39552K, reserved 491520K
  class space    used 5413K, committed 5632K, reserved 425984K
}
Event: 15.184 GC heap before
{Heap before GC invocations=12 (full 0):
 garbage-first heap   total 86016K, used 66820K [0x0000000080000000, 0x0000000100000000)
  region size 1024K, 34 young (34816K), 3 survivors (3072K)
 Metaspace       used 42251K, committed 42816K, reserved 491520K
  class space    used 5916K, committed 6208K, reserved 425984K
}
Event: 15.189 GC heap after
{Heap after GC invocations=13 (full 0):
 garbage-first heap   total 86016K, used 37146K [0x0000000080000000, 0x0000000100000000)
  region size 1024K, 5 young (5120K), 5 survivors (5120K)
 Metaspace       used 42251K, committed 42816K, reserved 491520K
  class space    used 5916K, committed 6208K, reserved 425984K
}
Event: 15.738 GC heap before
{Heap before GC invocations=13 (full 0):
 garbage-first heap   total 86016K, used 66842K [0x0000000080000000, 0x0000000100000000)
  region size 1024K, 34 young (34816K), 5 survivors (5120K)
 Metaspace       used 45706K, committed 46336K, reserved 491520K
  class space    used 6468K, committed 6720K, reserved 425984K
}
Event: 15.744 GC heap after
{Heap after GC invocations=14 (full 0):
 garbage-first heap   total 86016K, used 39058K [0x0000000080000000, 0x0000000100000000)
  region size 1024K, 5 young (5120K), 5 survivors (5120K)
 Metaspace       used 45706K, committed 46336K, reserved 491520K
  class space    used 6468K, committed 6720K, reserved 425984K
}
Event: 16.031 GC heap before
{Heap before GC invocations=14 (full 0):
 garbage-first heap   total 86016K, used 49298K [0x0000000080000000, 0x0000000100000000)
  region size 1024K, 15 young (15360K), 5 survivors (5120K)
 Metaspace       used 46384K, committed 46976K, reserved 491520K
  class space    used 6555K, committed 6784K, reserved 425984K
}
Event: 16.036 GC heap after
{Heap after GC invocations=15 (full 0):
 garbage-first heap   total 86016K, used 42632K [0x0000000080000000, 0x0000000100000000)
  region size 1024K, 4 young (4096K), 4 survivors (4096K)
 Metaspace       used 46384K, committed 46976K, reserved 491520K
  class space    used 6555K, committed 6784K, reserved 425984K
}

