# JRE version: OpenJDK Runtime Environment OpenLogic-OpenJDK (17.0.10+7) (build 17.0.10+7-adhoc..jdk17u)
# Java VM: OpenJDK 64-Bit Server VM OpenLogic-OpenJDK (17.0.10+7-adhoc..jdk17u, mixed mode, sharing, tiered, compressed oops, compressed class ptrs, g1 gc, windows-amd64)
GC Precious Log:
 CPUs: 4 total, 4 available
 Memory: 8073M
 Large Page Support: Disabled
 NUMA Support: Disabled
 Compressed Oops: Enabled (32-bit)
 Heap Region Size: 1M
 Heap Min Capacity: 8M
 Heap Initial Capacity: 128M
 Heap Max Capacity: 2G
 Pre-touch: Disabled
 Parallel Workers: 4
 Concurrent Workers: 1
 Concurrent Refinement Workers: 4
 Periodic GC: Disabled
Heap:
 garbage-first heap   total 202752K, used 118368K [0x0000000080000000, 0x0000000100000000)
  region size 1024K, 16 young (16384K), 6 survivors (6144K)
 Metaspace       used 89722K, committed 90624K, reserved 557056K
  class space    used 12616K, committed 13056K, reserved 425984K
GC Heap History (20 events):
Event: 36.836 GC heap before
{Heap before GC invocations=35 (full 0):
 garbage-first heap   total 138240K, used 99727K [0x0000000080000000, 0x0000000100000000)
  region size 1024K, 24 young (24576K), 3 survivors (3072K)
 Metaspace       used 68832K, committed 69504K, reserved 491520K
  class space    used 9653K, committed 9984K, reserved 425984K
}
Event: 36.839 GC heap after
{Heap after GC invocations=36 (full 0):
 garbage-first heap   total 138240K, used 79671K [0x0000000080000000, 0x0000000100000000)
  region size 1024K, 1 young (1024K), 1 survivors (1024K)
 Metaspace       used 68832K, committed 69504K, reserved 491520K
  class space    used 9653K, committed 9984K, reserved 425984K
}
Event: 37.326 GC heap before
{Heap before GC invocations=37 (full 0):
 garbage-first heap   total 150528K, used 103223K [0x0000000080000000, 0x0000000100000000)
  region size 1024K, 24 young (24576K), 1 survivors (1024K)
 Metaspace       used 71185K, committed 71872K, reserved 491520K
  class space    used 9937K, committed 10240K, reserved 425984K
}
Event: 37.331 GC heap after
{Heap after GC invocations=38 (full 0):
 garbage-first heap   total 150528K, used 81213K [0x0000000080000000, 0x0000000100000000)
  region size 1024K, 3 young (3072K), 3 survivors (3072K)
 Metaspace       used 71185K, committed 71872K, reserved 491520K
  class space    used 9937K, committed 10240K, reserved 425984K
}
Event: 37.455 GC heap before
{Heap before GC invocations=38 (full 0):
 garbage-first heap   total 150528K, used 83261K [0x0000000080000000, 0x0000000100000000)
  region size 1024K, 6 young (6144K), 3 survivors (3072K)
 Metaspace       used 71669K, committed 72448K, reserved 491520K
  class space    used 9993K, committed 10368K, reserved 425984K
}
Event: 37.461 GC heap after
{Heap after GC invocations=39 (full 0):
 garbage-first heap   total 150528K, used 81355K [0x0000000080000000, 0x0000000100000000)
  region size 1024K, 3 young (3072K), 3 survivors (3072K)
 Metaspace       used 71669K, committed 72448K, reserved 491520K
  class space    used 9993K, committed 10368K, reserved 425984K
}
Event: 38.045 GC heap before
{Heap before GC invocations=40 (full 0):
 garbage-first heap   total 168960K, used 119243K [0x0000000080000000, 0x0000000100000000)
  region size 1024K, 34 young (34816K), 3 survivors (3072K)
 Metaspace       used 73087K, committed 73856K, reserved 491520K
  class space    used 10186K, committed 10496K, reserved 425984K
}
Event: 38.051 GC heap after
{Heap after GC invocations=41 (full 0):
 garbage-first heap   total 168960K, used 84373K [0x0000000080000000, 0x0000000100000000)
  region size 1024K, 5 young (5120K), 5 survivors (5120K)
 Metaspace       used 73087K, committed 73856K, reserved 491520K
  class space    used 10186K, committed 10496K, reserved 425984K
}
Event: 38.980 GC heap before
{Heap before GC invocations=41 (full 0):
 garbage-first heap   total 168960K, used 124309K [0x0000000080000000, 0x0000000100000000)
  region size 1024K, 44 young (45056K), 5 survivors (5120K)
 Metaspace       used 75958K, committed 76736K, reserved 557056K
  class space    used 10565K, committed 10944K, reserved 425984K
}
Event: 38.991 GC heap after
{Heap after GC invocations=42 (full 0):
 garbage-first heap   total 202752K, used 86553K [0x0000000080000000, 0x0000000100000000)
  region size 1024K, 3 young (3072K), 3 survivors (3072K)
 Metaspace       used 75958K, committed 76736K, reserved 557056K
  class space    used 10565K, committed 10944K, reserved 425984K
}
Event: 39.813 GC heap before
{Heap before GC invocations=43 (full 0):
 garbage-first heap   total 202752K, used 143897K [0x0000000080000000, 0x0000000100000000)
  region size 1024K, 59 young (60416K), 3 survivors (3072K)
 Metaspace       used 78028K, committed 78784K, reserved 557056K
  class space    used 10845K, committed 11200K, reserved 425984K
}
Event: 39.821 GC heap after
{Heap after GC invocations=44 (full 0):
 garbage-first heap   total 202752K, used 90248K [0x0000000080000000, 0x0000000100000000)
  region size 1024K, 6 young (6144K), 6 survivors (6144K)
 Metaspace       used 78028K, committed 78784K, reserved 557056K
  class space    used 10845K, committed 11200K, reserved 425984K
}
Event: 50.903 GC heap before
{Heap before GC invocations=44 (full 0):
 garbage-first heap   total 202752K, used 150664K [0x0000000080000000, 0x0000000100000000)
  region size 1024K, 64 young (65536K), 6 survivors (6144K)
 Metaspace       used 81122K, committed 81856K, reserved 557056K
  class space    used 11271K, committed 11648K, reserved 425984K
}
Event: 50.917 GC heap after
{Heap after GC invocations=45 (full 0):
 garbage-first heap   total 202752K, used 94518K [0x0000000080000000, 0x0000000100000000)
  region size 1024K, 8 young (8192K), 8 survivors (8192K)
 Metaspace       used 81122K, committed 81856K, reserved 557056K
  class space    used 11271K, committed 11648K, reserved 425984K
}
Event: 51.964 GC heap before
{Heap before GC invocations=45 (full 0):
 garbage-first heap   total 202752K, used 153910K [0x0000000080000000, 0x0000000100000000)
  region size 1024K, 66 young (67584K), 8 survivors (8192K)
 Metaspace       used 85157K, committed 85952K, reserved 557056K
  class space    used 12001K, committed 12352K, reserved 425984K
}
Event: 51.977 GC heap after
{Heap after GC invocations=46 (full 0):
 garbage-first heap   total 202752K, used 95819K [0x0000000080000000, 0x0000000100000000)
  region size 1024K, 6 young (6144K), 6 survivors (6144K)
 Metaspace       used 85157K, committed 85952K, reserved 557056K
  class space    used 12001K, committed 12352K, reserved 425984K
}
Event: 53.207 GC heap before
{Heap before GC invocations=46 (full 0):
 garbage-first heap   total 202752K, used 156235K [0x0000000080000000, 0x0000000100000000)
  region size 1024K, 66 young (67584K), 6 survivors (6144K)
 Metaspace       used 87846K, committed 88640K, reserved 557056K
  class space    used 12367K, committed 12736K, reserved 425984K
}
Event: 53.228 GC heap after
{Heap after GC invocations=47 (full 0):
 garbage-first heap   total 202752K, used 101614K [0x0000000080000000, 0x0000000100000000)
  region size 1024K, 8 young (8192K), 8 survivors (8192K)
 Metaspace       used 87846K, committed 88640K, reserved 557056K
  class space    used 12367K, committed 12736K, reserved 425984K
}
Event: 54.306 GC heap before
{Heap before GC invocations=47 (full 0):
 garbage-first heap   total 202752K, used 127214K [0x0000000080000000, 0x0000000100000000)
  region size 1024K, 35 young (35840K), 8 survivors (8192K)
 Metaspace       used 88674K, committed 89600K, reserved 557056K
  class space    used 12501K, committed 12928K, reserved 425984K
}
Event: 54.327 GC heap after
{Heap after GC invocations=48 (full 0):
 garbage-first heap   total 202752K, used 107104K [0x0000000080000000, 0x0000000100000000)
  region size 1024K, 6 young (6144K), 6 survivors (6144K)
 Metaspace       used 88674K, committed 89600K, reserved 557056K
  class space    used 12501K, committed 12928K, reserved 425984K
}

