# JRE version: OpenJDK Runtime Environment OpenLogic-OpenJDK (17.0.10+7) (build 17.0.10+7-adhoc..jdk17u)
# Java VM: OpenJDK 64-Bit Server VM OpenLogic-OpenJDK (17.0.10+7-adhoc..jdk17u, mixed mode, sharing, tiered, compressed oops, compressed class ptrs, g1 gc, windows-amd64)
GC Precious Log:
 CPUs: 4 total, 4 available
 Memory: 8073M
 Large Page Support: Disabled
 NUMA Support: Disabled
 Compressed Oops: Enabled (32-bit)
 Heap Region Size: 1M
 Heap Min Capacity: 8M
 Heap Initial Capacity: 128M
 Heap Max Capacity: 2020M
 Pre-touch: Disabled
 Parallel Workers: 4
 Concurrent Workers: 1
 Concurrent Refinement Workers: 4
 Periodic GC: Disabled
Heap:
 garbage-first heap   total 181248K, used 132590K [0x0000000081c00000, 0x0000000100000000)
  region size 1024K, 29 young (29696K), 1 survivors (1024K)
 Metaspace       used 83331K, committed 83712K, reserved 1179648K
  class space    used 8960K, committed 9152K, reserved 1048576K
GC Heap History (20 events):
Event: 110.519 GC heap before
{Heap before GC invocations=62 (full 0):
 garbage-first heap   total 124928K, used 108342K [0x0000000081c00000, 0x0000000100000000)
  region size 1024K, 7 young (7168K), 1 survivors (1024K)
 Metaspace       used 78742K, committed 79104K, reserved 1179648K
  class space    used 8635K, committed 8832K, reserved 1048576K
}
Event: 110.522 GC heap after
{Heap after GC invocations=63 (full 0):
 garbage-first heap   total 124928K, used 102361K [0x0000000081c00000, 0x0000000100000000)
  region size 1024K, 1 young (1024K), 1 survivors (1024K)
 Metaspace       used 78742K, committed 79104K, reserved 1179648K
  class space    used 8635K, committed 8832K, reserved 1048576K
}
Event: 112.121 GC heap before
{Heap before GC invocations=63 (full 0):
 garbage-first heap   total 124928K, used 108505K [0x0000000081c00000, 0x0000000100000000)
  region size 1024K, 7 young (7168K), 1 survivors (1024K)
 Metaspace       used 79200K, committed 79552K, reserved 1179648K
  class space    used 8668K, committed 8832K, reserved 1048576K
}
Event: 112.125 GC heap after
{Heap after GC invocations=64 (full 0):
 garbage-first heap   total 124928K, used 102761K [0x0000000081c00000, 0x0000000100000000)
  region size 1024K, 1 young (1024K), 1 survivors (1024K)
 Metaspace       used 79200K, committed 79552K, reserved 1179648K
  class space    used 8668K, committed 8832K, reserved 1048576K
}
Event: 112.992 GC heap before
{Heap before GC invocations=64 (full 0):
 garbage-first heap   total 124928K, used 108905K [0x0000000081c00000, 0x0000000100000000)
  region size 1024K, 7 young (7168K), 1 survivors (1024K)
 Metaspace       used 79482K, committed 79872K, reserved 1179648K
  class space    used 8687K, committed 8896K, reserved 1048576K
}
Event: 112.996 GC heap after
{Heap after GC invocations=65 (full 0):
 garbage-first heap   total 124928K, used 103077K [0x0000000081c00000, 0x0000000100000000)
  region size 1024K, 1 young (1024K), 1 survivors (1024K)
 Metaspace       used 79482K, committed 79872K, reserved 1179648K
  class space    used 8687K, committed 8896K, reserved 1048576K
}
Event: 113.481 GC heap before
{Heap before GC invocations=65 (full 0):
 garbage-first heap   total 124928K, used 109221K [0x0000000081c00000, 0x0000000100000000)
  region size 1024K, 7 young (7168K), 1 survivors (1024K)
 Metaspace       used 79600K, committed 80000K, reserved 1179648K
  class space    used 8697K, committed 8896K, reserved 1048576K
}
Event: 113.484 GC heap after
{Heap after GC invocations=66 (full 0):
 garbage-first heap   total 124928K, used 103359K [0x0000000081c00000, 0x0000000100000000)
  region size 1024K, 1 young (1024K), 1 survivors (1024K)
 Metaspace       used 79600K, committed 80000K, reserved 1179648K
  class space    used 8697K, committed 8896K, reserved 1048576K
}
Event: 114.148 GC heap before
{Heap before GC invocations=66 (full 0):
 garbage-first heap   total 124928K, used 107455K [0x0000000081c00000, 0x0000000100000000)
  region size 1024K, 6 young (6144K), 1 survivors (1024K)
 Metaspace       used 79829K, committed 80192K, reserved 1179648K
  class space    used 8708K, committed 8896K, reserved 1048576K
}
Event: 114.151 GC heap after
{Heap after GC invocations=67 (full 0):
 garbage-first heap   total 124928K, used 103555K [0x0000000081c00000, 0x0000000100000000)
  region size 1024K, 1 young (1024K), 1 survivors (1024K)
 Metaspace       used 79829K, committed 80192K, reserved 1179648K
  class space    used 8708K, committed 8896K, reserved 1048576K
}
Event: 114.435 GC heap before
{Heap before GC invocations=67 (full 0):
 garbage-first heap   total 124928K, used 109699K [0x0000000081c00000, 0x0000000100000000)
  region size 1024K, 7 young (7168K), 1 survivors (1024K)
 Metaspace       used 79873K, committed 80256K, reserved 1179648K
  class space    used 8709K, committed 8896K, reserved 1048576K
}
Event: 114.437 GC heap after
{Heap after GC invocations=68 (full 0):
 garbage-first heap   total 124928K, used 103785K [0x0000000081c00000, 0x0000000100000000)
  region size 1024K, 1 young (1024K), 1 survivors (1024K)
 Metaspace       used 79873K, committed 80256K, reserved 1179648K
  class space    used 8709K, committed 8896K, reserved 1048576K
}
Event: 114.588 GC heap before
{Heap before GC invocations=68 (full 0):
 garbage-first heap   total 124928K, used 109929K [0x0000000081c00000, 0x0000000100000000)
  region size 1024K, 7 young (7168K), 1 survivors (1024K)
 Metaspace       used 79884K, committed 80256K, reserved 1179648K
  class space    used 8709K, committed 8896K, reserved 1048576K
}
Event: 114.594 GC heap after
{Heap after GC invocations=69 (full 0):
 garbage-first heap   total 124928K, used 105512K [0x0000000081c00000, 0x0000000100000000)
  region size 1024K, 1 young (1024K), 1 survivors (1024K)
 Metaspace       used 79884K, committed 80256K, reserved 1179648K
  class space    used 8709K, committed 8896K, reserved 1048576K
}
Event: 114.740 GC heap before
{Heap before GC invocations=69 (full 0):
 garbage-first heap   total 124928K, used 110632K [0x0000000081c00000, 0x0000000100000000)
  region size 1024K, 6 young (6144K), 1 survivors (1024K)
 Metaspace       used 79900K, committed 80256K, reserved 1179648K
  class space    used 8709K, committed 8896K, reserved 1048576K
}
Event: 114.744 GC heap after
{Heap after GC invocations=70 (full 0):
 garbage-first heap   total 124928K, used 106201K [0x0000000081c00000, 0x0000000100000000)
  region size 1024K, 1 young (1024K), 1 survivors (1024K)
 Metaspace       used 79900K, committed 80256K, reserved 1179648K
  class space    used 8709K, committed 8896K, reserved 1048576K
}
Event: 115.022 GC heap before
{Heap before GC invocations=70 (full 0):
 garbage-first heap   total 124928K, used 111321K [0x0000000081c00000, 0x0000000100000000)
  region size 1024K, 6 young (6144K), 1 survivors (1024K)
 Metaspace       used 80004K, committed 80384K, reserved 1179648K
  class space    used 8709K, committed 8896K, reserved 1048576K
}
Event: 115.025 GC heap after
{Heap after GC invocations=71 (full 0):
 garbage-first heap   total 124928K, used 106518K [0x0000000081c00000, 0x0000000100000000)
  region size 1024K, 1 young (1024K), 1 survivors (1024K)
 Metaspace       used 80004K, committed 80384K, reserved 1179648K
  class space    used 8709K, committed 8896K, reserved 1048576K
}
Event: 115.418 GC heap before
{Heap before GC invocations=71 (full 0):
 garbage-first heap   total 181248K, used 109590K [0x0000000081c00000, 0x0000000100000000)
  region size 1024K, 6 young (6144K), 1 survivors (1024K)
 Metaspace       used 80006K, committed 80384K, reserved 1179648K
  class space    used 8709K, committed 8896K, reserved 1048576K
}
Event: 115.422 GC heap after
{Heap after GC invocations=72 (full 0):
 garbage-first heap   total 181248K, used 104942K [0x0000000081c00000, 0x0000000100000000)
  region size 1024K, 1 young (1024K), 1 survivors (1024K)
 Metaspace       used 80006K, committed 80384K, reserved 1179648K
  class space    used 8709K, committed 8896K, reserved 1048576K
}

